# JRE version: OpenJDK Runtime Environment (11.0.12+7) (build 11.0.12+7-b1504.28-7817840)
# Java VM: OpenJDK 64-Bit Server VM (11.0.12+7-b1504.28-7817840, mixed mode, tiered, compressed oops, g1 gc, windows-amd64)
Heap:
 garbage-first heap   total 474112K, used 233408K [0x0000000080000000, 0x0000000100000000)
  region size 1024K, 7 young (7168K), 7 survivors (7168K)
 Metaspace       used 145098K, capacity 149009K, committed 149324K, reserved 1179648K
  class space    used 17936K, capacity 19407K, committed 19532K, reserved 1048576K
GC Heap History (20 events):
Event: 63.854 GC heap after
{Heap after GC invocations=63 (full 0):
 garbage-first heap   total 395264K, used 207872K [0x0000000080000000, 0x0000000100000000)
  region size 1024K, 9 young (9216K), 9 survivors (9216K)
 Metaspace       used 139564K, capacity 143113K, committed 143436K, reserved 1173504K
  class space    used 17326K, capacity 18674K, committed 18764K, reserved 1048576K
}
Event: 65.289 GC heap before
{Heap before GC invocations=63 (full 0):
 garbage-first heap   total 395264K, used 284672K [0x0000000080000000, 0x0000000100000000)
  region size 1024K, 84 young (86016K), 9 survivors (9216K)
 Metaspace       used 142347K, capacity 146008K, committed 146124K, reserved 1175552K
  class space    used 17678K, capacity 19049K, committed 19148K, reserved 1048576K
}
Event: 65.320 GC heap after
{Heap after GC invocations=64 (full 0):
 garbage-first heap   total 395264K, used 212937K [0x0000000080000000, 0x0000000100000000)
  region size 1024K, 4 young (4096K), 4 survivors (4096K)
 Metaspace       used 142347K, capacity 146008K, committed 146124K, reserved 1175552K
  class space    used 17678K, capacity 19049K, committed 19148K, reserved 1048576K
}
Event: 66.234 GC heap before
{Heap before GC invocations=64 (full 0):
 garbage-first heap   total 395264K, used 291785K [0x0000000080000000, 0x0000000100000000)
  region size 1024K, 81 young (82944K), 4 survivors (4096K)
 Metaspace       used 142917K, capacity 146590K, committed 146892K, reserved 1177600K
  class space    used 17708K, capacity 19088K, committed 19148K, reserved 1048576K
}
Event: 66.250 GC heap after
{Heap after GC invocations=65 (full 0):
 garbage-first heap   total 395264K, used 213693K [0x0000000080000000, 0x0000000100000000)
  region size 1024K, 5 young (5120K), 5 survivors (5120K)
 Metaspace       used 142917K, capacity 146590K, committed 146892K, reserved 1177600K
  class space    used 17708K, capacity 19088K, committed 19148K, reserved 1048576K
}
Event: 66.985 GC heap before
{Heap before GC invocations=65 (full 0):
 garbage-first heap   total 395264K, used 296637K [0x0000000080000000, 0x0000000100000000)
  region size 1024K, 86 young (88064K), 5 survivors (5120K)
 Metaspace       used 143165K, capacity 146802K, committed 146892K, reserved 1177600K
  class space    used 17716K, capacity 19091K, committed 19148K, reserved 1048576K
}
Event: 67.002 GC heap after
{Heap after GC invocations=66 (full 0):
 garbage-first heap   total 395264K, used 213856K [0x0000000080000000, 0x0000000100000000)
  region size 1024K, 5 young (5120K), 5 survivors (5120K)
 Metaspace       used 143165K, capacity 146802K, committed 146892K, reserved 1177600K
  class space    used 17716K, capacity 19091K, committed 19148K, reserved 1048576K
}
Event: 67.646 GC heap before
{Heap before GC invocations=66 (full 0):
 garbage-first heap   total 395264K, used 300896K [0x0000000080000000, 0x0000000100000000)
  region size 1024K, 90 young (92160K), 5 survivors (5120K)
 Metaspace       used 143638K, capacity 147369K, committed 147532K, reserved 1177600K
  class space    used 17769K, capacity 19171K, committed 19276K, reserved 1048576K
}
Event: 67.664 GC heap after
{Heap after GC invocations=67 (full 0):
 garbage-first heap   total 395264K, used 213811K [0x0000000080000000, 0x0000000100000000)
  region size 1024K, 5 young (5120K), 5 survivors (5120K)
 Metaspace       used 143638K, capacity 147369K, committed 147532K, reserved 1177600K
  class space    used 17769K, capacity 19171K, committed 19276K, reserved 1048576K
}
Event: 68.389 GC heap before
{Heap before GC invocations=67 (full 0):
 garbage-first heap   total 395264K, used 303923K [0x0000000080000000, 0x0000000100000000)
  region size 1024K, 94 young (96256K), 5 survivors (5120K)
 Metaspace       used 144927K, capacity 148753K, committed 148940K, reserved 1179648K
  class space    used 17925K, capacity 19369K, committed 19404K, reserved 1048576K
}
Event: 68.407 GC heap after
{Heap after GC invocations=68 (full 0):
 garbage-first heap   total 395264K, used 215687K [0x0000000080000000, 0x0000000100000000)
  region size 1024K, 7 young (7168K), 7 survivors (7168K)
 Metaspace       used 144927K, capacity 148753K, committed 148940K, reserved 1179648K
  class space    used 17925K, capacity 19369K, committed 19404K, reserved 1048576K
}
Event: 68.883 GC heap before
{Heap before GC invocations=68 (full 0):
 garbage-first heap   total 395264K, used 309895K [0x0000000080000000, 0x0000000100000000)
  region size 1024K, 99 young (101376K), 7 survivors (7168K)
 Metaspace       used 144980K, capacity 148824K, committed 148940K, reserved 1179648K
  class space    used 17925K, capacity 19369K, committed 19404K, reserved 1048576K
}
Event: 68.900 GC heap after
{Heap after GC invocations=69 (full 0):
 garbage-first heap   total 395264K, used 214774K [0x0000000080000000, 0x0000000100000000)
  region size 1024K, 6 young (6144K), 6 survivors (6144K)
 Metaspace       used 144980K, capacity 148824K, committed 148940K, reserved 1179648K
  class space    used 17925K, capacity 19369K, committed 19404K, reserved 1048576K
}
Event: 69.382 GC heap before
{Heap before GC invocations=69 (full 0):
 garbage-first heap   total 395264K, used 321270K [0x0000000080000000, 0x0000000100000000)
  region size 1024K, 111 young (113664K), 6 survivors (6144K)
 Metaspace       used 145016K, capacity 148892K, committed 148940K, reserved 1179648K
  class space    used 17927K, capacity 19370K, committed 19404K, reserved 1048576K
}
Event: 69.402 GC heap after
{Heap after GC invocations=70 (full 0):
 garbage-first heap   total 395264K, used 220660K [0x0000000080000000, 0x0000000100000000)
  region size 1024K, 12 young (12288K), 12 survivors (12288K)
 Metaspace       used 145016K, capacity 148892K, committed 148940K, reserved 1179648K
  class space    used 17927K, capacity 19370K, committed 19404K, reserved 1048576K
}
Event: 69.873 GC heap before
{Heap before GC invocations=70 (full 0):
 garbage-first heap   total 395264K, used 325108K [0x0000000080000000, 0x0000000100000000)
  region size 1024K, 114 young (116736K), 12 survivors (12288K)
 Metaspace       used 145051K, capacity 148909K, committed 148940K, reserved 1179648K
  class space    used 17930K, capacity 19374K, committed 19404K, reserved 1048576K
}
Event: 69.911 GC heap after
{Heap after GC invocations=71 (full 0):
 garbage-first heap   total 395264K, used 227585K [0x0000000080000000, 0x0000000100000000)
  region size 1024K, 15 young (15360K), 15 survivors (15360K)
 Metaspace       used 145051K, capacity 148909K, committed 148940K, reserved 1179648K
  class space    used 17930K, capacity 19374K, committed 19404K, reserved 1048576K
}
Event: 70.315 GC heap before
{Heap before GC invocations=71 (full 0):
 garbage-first heap   total 395264K, used 325889K [0x0000000080000000, 0x0000000100000000)
  region size 1024K, 111 young (113664K), 15 survivors (15360K)
 Metaspace       used 145068K, capacity 148912K, committed 149196K, reserved 1179648K
  class space    used 17930K, capacity 19375K, committed 19404K, reserved 1048576K
}
Event: 70.349 GC heap after
{Heap after GC invocations=72 (full 0):
 garbage-first heap   total 395264K, used 233408K [0x0000000080000000, 0x0000000100000000)
  region size 1024K, 7 young (7168K), 7 survivors (7168K)
 Metaspace       used 145068K, capacity 148912K, committed 149196K, reserved 1179648K
  class space    used 17930K, capacity 19375K, committed 19404K, reserved 1048576K
}
Event: 70.794 GC heap before
{Heap before GC invocations=72 (full 0):
 garbage-first heap   total 395264K, used 328640K [0x0000000080000000, 0x0000000100000000)
  region size 1024K, 100 young (102400K), 7 survivors (7168K)
 Metaspace       used 145098K, capacity 149009K, committed 149324K, reserved 1179648K
  class space    used 17936K, capacity 19407K, committed 19532K, reserved 1048576K
}

