# JRE version: OpenJDK Runtime Environment (11.0.12+7) (build 11.0.12+7-b1504.28-7817840)
# Java VM: OpenJDK 64-Bit Server VM (11.0.12+7-b1504.28-7817840, mixed mode, tiered, compressed oops, g1 gc, windows-amd64)
Heap:
 garbage-first heap   total 479232K, used 241061K [0x0000000080000000, 0x0000000100000000)
  region size 1024K, 6 young (6144K), 6 survivors (6144K)
 Metaspace       used 147698K, capacity 151576K, committed 151628K, reserved 1181696K
  class space    used 18083K, capacity 19532K, committed 19532K, reserved 1048576K
GC Heap History (20 events):
Event: 1299.691 GC heap after
{Heap after GC invocations=114 (full 0):
 garbage-first heap   total 395264K, used 209252K [0x0000000080000000, 0x0000000100000000)
  region size 1024K, 3 young (3072K), 3 survivors (3072K)
 Metaspace       used 147470K, capacity 151331K, committed 151372K, reserved 1181696K
  class space    used 18076K, capacity 19524K, committed 19532K, reserved 1048576K
}
Event: 1300.263 GC heap before
{Heap before GC invocations=114 (full 0):
 garbage-first heap   total 395264K, used 334180K [0x0000000080000000, 0x0000000100000000)
  region size 1024K, 125 young (128000K), 3 survivors (3072K)
 Metaspace       used 147514K, capacity 151396K, committed 151628K, reserved 1181696K
  class space    used 18076K, capacity 19524K, committed 19532K, reserved 1048576K
}
Event: 1300.274 GC heap after
{Heap after GC invocations=115 (full 0):
 garbage-first heap   total 395264K, used 210373K [0x0000000080000000, 0x0000000100000000)
  region size 1024K, 4 young (4096K), 4 survivors (4096K)
 Metaspace       used 147514K, capacity 151396K, committed 151628K, reserved 1181696K
  class space    used 18076K, capacity 19524K, committed 19532K, reserved 1048576K
}
Event: 1301.521 GC heap before
{Heap before GC invocations=116 (full 0):
 garbage-first heap   total 395264K, used 336325K [0x0000000080000000, 0x0000000100000000)
  region size 1024K, 127 young (130048K), 4 survivors (4096K)
 Metaspace       used 147544K, capacity 151416K, committed 151628K, reserved 1181696K
  class space    used 18080K, capacity 19531K, committed 19532K, reserved 1048576K
}
Event: 1301.536 GC heap after
{Heap after GC invocations=117 (full 0):
 garbage-first heap   total 395264K, used 210683K [0x0000000080000000, 0x0000000100000000)
  region size 1024K, 4 young (4096K), 4 survivors (4096K)
 Metaspace       used 147544K, capacity 151416K, committed 151628K, reserved 1181696K
  class space    used 18080K, capacity 19531K, committed 19532K, reserved 1048576K
}
Event: 1301.597 GC heap before
{Heap before GC invocations=117 (full 0):
 garbage-first heap   total 395264K, used 225019K [0x0000000080000000, 0x0000000100000000)
  region size 1024K, 19 young (19456K), 4 survivors (4096K)
 Metaspace       used 147545K, capacity 151416K, committed 151628K, reserved 1181696K
  class space    used 18080K, capacity 19531K, committed 19532K, reserved 1048576K
}
Event: 1301.615 GC heap after
{Heap after GC invocations=118 (full 0):
 garbage-first heap   total 395264K, used 206471K [0x0000000080000000, 0x0000000100000000)
  region size 1024K, 2 young (2048K), 2 survivors (2048K)
 Metaspace       used 147545K, capacity 151416K, committed 151628K, reserved 1181696K
  class space    used 18080K, capacity 19531K, committed 19532K, reserved 1048576K
}
Event: 1302.330 GC heap before
{Heap before GC invocations=118 (full 0):
 garbage-first heap   total 395264K, used 335495K [0x0000000080000000, 0x0000000100000000)
  region size 1024K, 128 young (131072K), 2 survivors (2048K)
 Metaspace       used 147579K, capacity 151425K, committed 151628K, reserved 1181696K
  class space    used 18083K, capacity 19532K, committed 19532K, reserved 1048576K
}
Event: 1302.340 GC heap after
{Heap after GC invocations=119 (full 0):
 garbage-first heap   total 395264K, used 206388K [0x0000000080000000, 0x0000000100000000)
  region size 1024K, 2 young (2048K), 2 survivors (2048K)
 Metaspace       used 147579K, capacity 151425K, committed 151628K, reserved 1181696K
  class space    used 18083K, capacity 19532K, committed 19532K, reserved 1048576K
}
Event: 1302.643 GC heap before
{Heap before GC invocations=119 (full 0):
 garbage-first heap   total 395264K, used 268852K [0x0000000080000000, 0x0000000100000000)
  region size 1024K, 64 young (65536K), 2 survivors (2048K)
 Metaspace       used 147615K, capacity 151503K, committed 151628K, reserved 1181696K
  class space    used 18083K, capacity 19532K, committed 19532K, reserved 1048576K
}
Event: 1302.650 GC heap after
{Heap after GC invocations=120 (full 0):
 garbage-first heap   total 395264K, used 208409K [0x0000000080000000, 0x0000000100000000)
  region size 1024K, 4 young (4096K), 4 survivors (4096K)
 Metaspace       used 147615K, capacity 151503K, committed 151628K, reserved 1181696K
  class space    used 18083K, capacity 19532K, committed 19532K, reserved 1048576K
}
Event: 1303.700 GC heap before
{Heap before GC invocations=121 (full 0):
 garbage-first heap   total 395264K, used 320025K [0x0000000080000000, 0x0000000100000000)
  region size 1024K, 112 young (114688K), 4 survivors (4096K)
 Metaspace       used 147626K, capacity 151503K, committed 151628K, reserved 1181696K
  class space    used 18083K, capacity 19532K, committed 19532K, reserved 1048576K
}
Event: 1303.722 GC heap after
{Heap after GC invocations=122 (full 0):
 garbage-first heap   total 395264K, used 220635K [0x0000000080000000, 0x0000000100000000)
  region size 1024K, 14 young (14336K), 14 survivors (14336K)
 Metaspace       used 147626K, capacity 151503K, committed 151628K, reserved 1181696K
  class space    used 18083K, capacity 19532K, committed 19532K, reserved 1048576K
}
Event: 1303.750 GC heap before
{Heap before GC invocations=122 (full 0):
 garbage-first heap   total 395264K, used 225755K [0x0000000080000000, 0x0000000100000000)
  region size 1024K, 19 young (19456K), 14 survivors (14336K)
 Metaspace       used 147626K, capacity 151503K, committed 151628K, reserved 1181696K
  class space    used 18083K, capacity 19532K, committed 19532K, reserved 1048576K
}
Event: 1303.776 GC heap after
{Heap after GC invocations=123 (full 0):
 garbage-first heap   total 395264K, used 216771K [0x0000000080000000, 0x0000000100000000)
  region size 1024K, 2 young (2048K), 2 survivors (2048K)
 Metaspace       used 147626K, capacity 151503K, committed 151628K, reserved 1181696K
  class space    used 18083K, capacity 19532K, committed 19532K, reserved 1048576K
}
Event: 1304.405 GC heap before
{Heap before GC invocations=123 (full 0):
 garbage-first heap   total 395264K, used 321219K [0x0000000080000000, 0x0000000100000000)
  region size 1024K, 104 young (106496K), 2 survivors (2048K)
 Metaspace       used 147688K, capacity 151512K, committed 151628K, reserved 1181696K
  class space    used 18083K, capacity 19532K, committed 19532K, reserved 1048576K
}
Event: 1304.435 GC heap after
{Heap after GC invocations=124 (full 0):
 garbage-first heap   total 395264K, used 225987K [0x0000000080000000, 0x0000000100000000)
  region size 1024K, 11 young (11264K), 11 survivors (11264K)
 Metaspace       used 147688K, capacity 151512K, committed 151628K, reserved 1181696K
  class space    used 18083K, capacity 19532K, committed 19532K, reserved 1048576K
}
Event: 1304.869 GC heap before
{Heap before GC invocations=124 (full 0):
 garbage-first heap   total 395264K, used 324291K [0x0000000080000000, 0x0000000100000000)
  region size 1024K, 107 young (109568K), 11 survivors (11264K)
 Metaspace       used 147690K, capacity 151576K, committed 151628K, reserved 1181696K
  class space    used 18083K, capacity 19532K, committed 19532K, reserved 1048576K
}
Event: 1304.908 GC heap after
{Heap after GC invocations=125 (full 0):
 garbage-first heap   total 395264K, used 235493K [0x0000000080000000, 0x0000000100000000)
  region size 1024K, 10 young (10240K), 10 survivors (10240K)
 Metaspace       used 147690K, capacity 151576K, committed 151628K, reserved 1181696K
  class space    used 18083K, capacity 19532K, committed 19532K, reserved 1048576K
}
Event: 1305.297 GC heap before
{Heap before GC invocations=125 (full 0):
 garbage-first heap   total 395264K, used 327653K [0x0000000080000000, 0x0000000100000000)
  region size 1024K, 100 young (102400K), 10 survivors (10240K)
 Metaspace       used 147698K, capacity 151576K, committed 151628K, reserved 1181696K
  class space    used 18083K, capacity 19532K, committed 19532K, reserved 1048576K
}

